2019-03-14 10:36:17,926 Read data from file
2019-03-14 10:36:37,154 Read data from file
2019-03-14 10:36:38,569 Equilibrate rdv data
2019-03-14 10:36:38,834 Fix risque values (instead of 10-13, we will replace this value into mean([10,13]))
2019-03-14 10:37:05,096 Accuracy of Dummy classifier on cross-validation: 0.50 (+/- 0.00)
2019-03-14 10:37:05,359 Accuracy of Naive Bayes classifier on cross-validation: 0.52 (+/- 0.02)
2019-03-14 10:37:07,478 Accuracy of Decision tree classifier on cross-validation: 0.57 (+/- 0.14)
2019-03-14 10:37:08,080 Accuracy of Logistic regression classifier on cross-validation: 0.53 (+/- 0.04)
2019-03-14 10:38:35,142 Read data from file
2019-03-14 10:38:36,057 Equilibrate rdv data
2019-03-14 10:38:36,157 Fix risque values (instead of 10-13, we will replace this value into mean([10,13]))
2019-03-14 10:39:02,067 Accuracy of Dummy classifier on cross-validation: 0.50 (+/- 0.00)
2019-03-14 10:39:02,196 Accuracy of Naive Bayes classifier on cross-validation: 0.51 (+/- 0.01)
2019-03-14 10:39:04,385 Accuracy of Decision tree classifier on cross-validation: 0.57 (+/- 0.14)
2019-03-14 10:39:05,151 Accuracy of Logistic regression classifier on cross-validation: 0.54 (+/- 0.03)
2019-03-14 10:43:10,623 Accuracy of SVM classifier on cross-validation: 0.54 (+/- 0.03)
2019-03-14 10:43:44,866 Read data from file
2019-03-14 10:43:45,840 Equilibrate rdv data
2019-03-14 10:43:45,956 Fix risque values (instead of 10-13, we will replace this value into mean([10,13]))
2019-03-14 10:44:43,119 Accuracy of Dummy classifier on cross-validation: 0.67 (+/- 0.00)
2019-03-14 10:44:43,291 Accuracy of Naive Bayes classifier on cross-validation: 0.36 (+/- 0.01)
2019-03-14 10:44:46,708 Accuracy of Decision tree classifier on cross-validation: 0.64 (+/- 0.08)
2019-03-14 10:44:47,769 Accuracy of Logistic regression classifier on cross-validation: 0.67 (+/- 0.00)
2019-03-14 10:46:53,290 Read data from file
2019-03-14 10:46:54,197 Equilibrate rdv data
2019-03-14 10:47:13,640 Read data from file
2019-03-14 10:47:14,647 Equilibrate rdv data
2019-03-14 10:47:14,776 Fix risque values (instead of 10-13, we will replace this value into mean([10,13]))
2019-03-14 10:47:59,483 Accuracy of Dummy classifier on cross-validation: 0.60 (+/- 0.00)
2019-03-14 10:47:59,627 Accuracy of Naive Bayes classifier on cross-validation: 0.42 (+/- 0.01)
2019-03-14 10:48:02,283 Accuracy of Decision tree classifier on cross-validation: 0.60 (+/- 0.11)
2019-03-14 10:48:03,208 Accuracy of Logistic regression classifier on cross-validation: 0.60 (+/- 0.00)
2019-03-14 11:13:05,406 Read data from file
2019-03-14 11:13:06,362 Equilibrate rdv data
2019-03-14 11:13:06,471 Fix risque values (instead of 10-13, we will replace this value into mean([10,13]))
2019-03-14 11:15:00,616 Read data from file
2019-03-14 11:15:01,527 Equilibrate rdv data
2019-03-14 11:15:01,625 Fix risque values (instead of 10-13, we will replace this value into mean([10,13]))
2019-03-14 11:16:31,854 Read data from file
2019-03-14 11:16:32,772 Equilibrate rdv data
2019-03-14 11:16:32,882 Fix risque values (instead of 10-13, we will replace this value into mean([10,13]))
2019-03-14 11:19:32,246 Read data from file
2019-03-14 11:19:33,162 Equilibrate rdv data
2019-03-14 11:19:33,261 Fix risque values (instead of 10-13, we will replace this value into mean([10,13]))
2019-03-14 11:19:59,044 From /home/mohamed/.local/lib/python3.6/site-packages/tensorflow/python/framework/op_def_library.py:263: colocate_with (from tensorflow.python.framework.ops) is deprecated and will be removed in a future version.
Instructions for updating:
Colocations handled automatically by placer.
2019-03-14 11:21:39,233 Read data from file
2019-03-14 11:21:40,168 Equilibrate rdv data
2019-03-14 11:21:40,266 Fix risque values (instead of 10-13, we will replace this value into mean([10,13]))
2019-03-14 11:22:05,880 From /home/mohamed/.local/lib/python3.6/site-packages/tensorflow/python/framework/op_def_library.py:263: colocate_with (from tensorflow.python.framework.ops) is deprecated and will be removed in a future version.
Instructions for updating:
Colocations handled automatically by placer.
2019-03-14 11:23:15,835 Read data from file
2019-03-14 11:23:16,739 Equilibrate rdv data
2019-03-14 11:23:16,837 Fix risque values (instead of 10-13, we will replace this value into mean([10,13]))
2019-03-14 11:23:57,380 Read data from file
2019-03-14 11:23:58,295 Equilibrate rdv data
2019-03-14 11:23:58,394 Fix risque values (instead of 10-13, we will replace this value into mean([10,13]))
2019-03-14 11:24:24,181 From /home/mohamed/.local/lib/python3.6/site-packages/tensorflow/python/framework/op_def_library.py:263: colocate_with (from tensorflow.python.framework.ops) is deprecated and will be removed in a future version.
Instructions for updating:
Colocations handled automatically by placer.
2019-03-14 11:24:24,461 From /home/mohamed/.local/lib/python3.6/site-packages/tensorflow/python/ops/math_ops.py:3066: to_int32 (from tensorflow.python.ops.math_ops) is deprecated and will be removed in a future version.
Instructions for updating:
Use tf.cast instead.
2019-03-14 11:26:23,501 Read data from file
2019-03-14 11:26:24,585 Equilibrate rdv data
2019-03-14 11:26:24,750 Fix risque values (instead of 10-13, we will replace this value into mean([10,13]))
2019-03-14 11:26:51,268 From /home/mohamed/.local/lib/python3.6/site-packages/tensorflow/python/framework/op_def_library.py:263: colocate_with (from tensorflow.python.framework.ops) is deprecated and will be removed in a future version.
Instructions for updating:
Colocations handled automatically by placer.
2019-03-14 11:26:51,604 From /home/mohamed/.local/lib/python3.6/site-packages/tensorflow/python/ops/math_ops.py:3066: to_int32 (from tensorflow.python.ops.math_ops) is deprecated and will be removed in a future version.
Instructions for updating:
Use tf.cast instead.
2019-03-14 11:29:17,369 Read data from file
2019-03-14 11:29:18,275 Equilibrate rdv data
2019-03-14 11:29:18,376 Fix risque values (instead of 10-13, we will replace this value into mean([10,13]))
2019-03-14 11:29:44,160 From /home/mohamed/.local/lib/python3.6/site-packages/tensorflow/python/framework/op_def_library.py:263: colocate_with (from tensorflow.python.framework.ops) is deprecated and will be removed in a future version.
Instructions for updating:
Colocations handled automatically by placer.
2019-03-14 11:29:44,437 From /home/mohamed/.local/lib/python3.6/site-packages/tensorflow/python/ops/math_ops.py:3066: to_int32 (from tensorflow.python.ops.math_ops) is deprecated and will be removed in a future version.
Instructions for updating:
Use tf.cast instead.
2019-03-14 11:30:09,230 Read data from file
2019-03-14 11:30:10,148 Equilibrate rdv data
2019-03-14 11:30:10,245 Fix risque values (instead of 10-13, we will replace this value into mean([10,13]))
2019-03-14 11:30:35,676 From /home/mohamed/.local/lib/python3.6/site-packages/tensorflow/python/framework/op_def_library.py:263: colocate_with (from tensorflow.python.framework.ops) is deprecated and will be removed in a future version.
Instructions for updating:
Colocations handled automatically by placer.
2019-03-14 11:30:57,653 Read data from file
2019-03-14 11:30:58,561 Equilibrate rdv data
2019-03-14 11:30:58,659 Fix risque values (instead of 10-13, we will replace this value into mean([10,13]))
2019-03-14 11:31:24,270 From /home/mohamed/.local/lib/python3.6/site-packages/tensorflow/python/framework/op_def_library.py:263: colocate_with (from tensorflow.python.framework.ops) is deprecated and will be removed in a future version.
Instructions for updating:
Colocations handled automatically by placer.
2019-03-14 11:31:24,544 From /home/mohamed/.local/lib/python3.6/site-packages/tensorflow/python/ops/math_ops.py:3066: to_int32 (from tensorflow.python.ops.math_ops) is deprecated and will be removed in a future version.
Instructions for updating:
Use tf.cast instead.
2019-03-14 11:31:59,950 Read data from file
2019-03-14 11:32:00,851 Equilibrate rdv data
2019-03-14 11:32:00,950 Fix risque values (instead of 10-13, we will replace this value into mean([10,13]))
2019-03-14 11:32:26,411 From /home/mohamed/.local/lib/python3.6/site-packages/tensorflow/python/framework/op_def_library.py:263: colocate_with (from tensorflow.python.framework.ops) is deprecated and will be removed in a future version.
Instructions for updating:
Colocations handled automatically by placer.
2019-03-14 11:32:26,685 From /home/mohamed/.local/lib/python3.6/site-packages/tensorflow/python/ops/math_ops.py:3066: to_int32 (from tensorflow.python.ops.math_ops) is deprecated and will be removed in a future version.
Instructions for updating:
Use tf.cast instead.
2019-03-14 11:32:42,538 Read data from file
2019-03-14 11:32:43,449 Equilibrate rdv data
2019-03-14 11:32:43,547 Fix risque values (instead of 10-13, we will replace this value into mean([10,13]))
2019-03-14 11:33:09,278 From /home/mohamed/.local/lib/python3.6/site-packages/tensorflow/python/framework/op_def_library.py:263: colocate_with (from tensorflow.python.framework.ops) is deprecated and will be removed in a future version.
Instructions for updating:
Colocations handled automatically by placer.
2019-03-14 11:33:09,553 From /home/mohamed/.local/lib/python3.6/site-packages/tensorflow/python/ops/math_ops.py:3066: to_int32 (from tensorflow.python.ops.math_ops) is deprecated and will be removed in a future version.
Instructions for updating:
Use tf.cast instead.
2019-03-14 11:35:12,113 Read data from file
2019-03-14 11:35:13,034 Equilibrate rdv data
2019-03-14 11:35:13,132 Fix risque values (instead of 10-13, we will replace this value into mean([10,13]))
2019-03-14 11:35:39,218 From /home/mohamed/.local/lib/python3.6/site-packages/tensorflow/python/framework/op_def_library.py:263: colocate_with (from tensorflow.python.framework.ops) is deprecated and will be removed in a future version.
Instructions for updating:
Colocations handled automatically by placer.
2019-03-14 11:35:39,493 From /home/mohamed/.local/lib/python3.6/site-packages/tensorflow/python/ops/math_ops.py:3066: to_int32 (from tensorflow.python.ops.math_ops) is deprecated and will be removed in a future version.
Instructions for updating:
Use tf.cast instead.
