2019-03-14 11:12:51,213 Read data from file
2019-03-14 11:12:52,996 Equilibrate rdv data
2019-03-14 11:13:19,963 Read data from file
2019-03-14 11:13:21,201 Equilibrate rdv data
2019-03-14 11:13:50,463 Read data from file
2019-03-14 11:13:51,403 Equilibrate rdv data
2019-03-14 11:15:57,173 Read data from file
2019-03-14 11:15:58,122 Equilibrate rdv data
2019-03-14 11:16:07,710 Accuracy of Dummy classifier on cross-validation: 0.50 (+/- 0.00)
2019-03-14 11:16:07,995 Accuracy of Naive Bayes classifier on cross-validation: 0.56 (+/- 0.04)
2019-03-14 11:16:08,664 Accuracy of Decision tree classifier on cross-validation: 0.60 (+/- 0.04)
2019-03-14 11:16:09,641 Accuracy of Logistic regression classifier on cross-validation: 0.58 (+/- 0.04)
2019-03-14 11:16:55,819 Read data from file
2019-03-14 11:16:57,007 Equilibrate rdv data
2019-03-14 11:17:06,988 Accuracy of Dummy classifier on cross-validation: 0.50 (+/- 0.00)
2019-03-14 11:17:07,209 Accuracy of Naive Bayes classifier on cross-validation: 0.56 (+/- 0.02)
2019-03-14 11:17:07,775 Accuracy of Decision tree classifier on cross-validation: 0.58 (+/- 0.03)
2019-03-14 11:17:08,578 Accuracy of Logistic regression classifier on cross-validation: 0.58 (+/- 0.04)
2019-03-14 11:17:15,350 Read data from file
2019-03-14 11:17:16,285 Equilibrate rdv data
2019-03-14 11:17:25,910 Accuracy of Dummy classifier on cross-validation: 0.50 (+/- 0.00)
2019-03-14 11:17:26,144 Accuracy of Naive Bayes classifier on cross-validation: 0.56 (+/- 0.03)
2019-03-14 11:17:26,795 Accuracy of Decision tree classifier on cross-validation: 0.59 (+/- 0.04)
2019-03-14 11:17:27,726 Accuracy of Logistic regression classifier on cross-validation: 0.58 (+/- 0.05)
