2019-03-08 12:36:05,855 Read data from file
2019-03-08 12:36:06,778 Equilibrate rdv data
2019-03-08 12:36:06,969 Replace missing values
2019-03-08 12:36:07,032 Prepare classifier data
2019-03-08 12:36:07,037 Separate the data into train and test set
2019-03-08 12:36:07,524 Building and fitting a classification tree
2019-03-08 12:36:07,596 Save the decision tree
2019-03-08 12:36:10,879 Start Predicting
2019-03-08 12:36:10,891 Accuracy score : 54.91973840665874
2019-03-08 12:39:12,109 Read data from file
2019-03-08 12:39:13,023 Equilibrate rdv data
2019-03-08 12:39:13,195 Replace missing values
2019-03-08 12:39:13,259 Prepare classifier data
2019-03-08 12:39:13,264 Separate the data into train and test set
2019-03-08 12:39:13,661 Building and fitting a classification tree
2019-03-08 12:39:13,732 Save the decision tree
2019-03-08 12:39:17,604 Start Predicting
2019-03-08 12:39:17,615 Accuracy score : 56.45065398335315
2019-03-08 12:41:46,451 Read data from file
2019-03-08 12:41:47,396 Equilibrate rdv data
2019-03-08 12:41:47,577 Replace missing values
2019-03-08 12:41:47,645 Prepare classifier data
2019-03-08 12:41:47,650 Separate the data into train and test set
2019-03-08 12:41:48,081 Building and fitting a classification tree
2019-03-08 12:41:48,158 Save the decision tree
2019-03-08 12:41:50,726 Start Predicting
2019-03-08 12:41:50,739 Accuracy score : 57.758620689655174
2019-03-08 12:43:41,636 Read data from file
2019-03-08 12:43:42,579 Equilibrate rdv data
2019-03-08 12:43:42,761 Replace missing values
2019-03-08 12:43:42,829 Prepare classifier data
2019-03-08 12:43:42,833 Separate the data into train and test set
2019-03-08 12:43:43,231 Building and fitting a classification tree
2019-03-08 12:43:43,303 Save the decision tree
2019-03-08 12:43:45,563 Start Predicting
2019-03-08 12:43:45,576 Accuracy score : 56.45065398335315
